[0.027s] Invoking command in '/home/qu/car_nav2/build/car_nav2': CMAKE_PREFIX_PATH=${CMAKE_PREFIX_PATH}:/opt/ros/jazzy DEBUGINFOD_URLS=https://debuginfod.ubuntu.com /usr/bin/cmake --build /home/qu/car_nav2/build/car_nav2 -- -j12 -l12
[0.614s] Invoked command in '/home/qu/car_nav2/build/car_nav2' returned '0': CMAKE_PREFIX_PATH=${CMAKE_PREFIX_PATH}:/opt/ros/jazzy DEBUGINFOD_URLS=https://debuginfod.ubuntu.com /usr/bin/cmake --build /home/qu/car_nav2/build/car_nav2 -- -j12 -l12
[0.639s] Invoking command in '/home/qu/car_nav2/build/car_nav2': CMAKE_PREFIX_PATH=${CMAKE_PREFIX_PATH}:/opt/ros/jazzy DEBUGINFOD_URLS=https://debuginfod.ubuntu.com /usr/bin/cmake --install /home/qu/car_nav2/build/car_nav2
[0.649s] -- Install configuration: ""
[0.650s] -- Up-to-date: /home/qu/car_nav2/install/car_nav2/share/car_nav2/launch
[0.650s] -- Up-to-date: /home/qu/car_nav2/install/car_nav2/share/car_nav2/launch/navigation_with_slam.launch.py
[0.651s] -- Up-to-date: /home/qu/car_nav2/install/car_nav2/share/car_nav2/launch/world.launch.py
[0.651s] -- Up-to-date: /home/qu/car_nav2/install/car_nav2/share/car_nav2/launch/spawn_robot.launch.py
[0.651s] -- Up-to-date: /home/qu/car_nav2/install/car_nav2/share/car_nav2/worlds
[0.652s] -- Up-to-date: /home/qu/car_nav2/install/car_nav2/share/car_nav2/worlds/home.sdf
[0.652s] -- Up-to-date: /home/qu/car_nav2/install/car_nav2/share/car_nav2/rviz
[0.652s] -- Up-to-date: /home/qu/car_nav2/install/car_nav2/share/car_nav2/rviz/navigation.rviz
[0.653s] -- Up-to-date: /home/qu/car_nav2/install/car_nav2/share/car_nav2/rviz/mapping.rviz
[0.653s] -- Up-to-date: /home/qu/car_nav2/install/car_nav2/share/car_nav2/rviz/rviz.rviz
[0.653s] -- Up-to-date: /home/qu/car_nav2/install/car_nav2/share/car_nav2/rviz/urdf.rviz
[0.653s] -- Up-to-date: /home/qu/car_nav2/install/car_nav2/share/car_nav2/rviz/localization.rviz
[0.653s] -- Up-to-date: /home/qu/car_nav2/install/car_nav2/share/car_nav2/urdf
[0.654s] -- Up-to-date: /home/qu/car_nav2/install/car_nav2/share/car_nav2/urdf/mycar.gazebo
[0.654s] -- Up-to-date: /home/qu/car_nav2/install/car_nav2/share/car_nav2/urdf/mycar.urdf
[0.655s] -- Up-to-date: /home/qu/car_nav2/install/car_nav2/share/car_nav2/urdf/materials.xacro
[0.655s] -- Up-to-date: /home/qu/car_nav2/install/car_nav2/share/car_nav2/meshes
[0.655s] -- Up-to-date: /home/qu/car_nav2/install/car_nav2/share/car_nav2/meshes/mycar.dae
[0.656s] -- Up-to-date: /home/qu/car_nav2/install/car_nav2/share/car_nav2/meshes/wheel.dae
[0.656s] -- Up-to-date: /home/qu/car_nav2/install/car_nav2/share/car_nav2/meshes/lidar.dae
[0.657s] -- Up-to-date: /home/qu/car_nav2/install/car_nav2/share/car_nav2/config
[0.658s] -- Up-to-date: /home/qu/car_nav2/install/car_nav2/share/car_nav2/config/slam_toolbox_localization.yaml
[0.658s] -- Up-to-date: /home/qu/car_nav2/install/car_nav2/share/car_nav2/config/gz_bridge.yaml
[0.659s] -- Up-to-date: /home/qu/car_nav2/install/car_nav2/share/car_nav2/config/slam_toolbox_mapping.yaml
[0.660s] -- Up-to-date: /home/qu/car_nav2/install/car_nav2/share/car_nav2/config/ekf.yaml
[0.660s] -- Up-to-date: /home/qu/car_nav2/install/car_nav2/share/car_nav2/config/navigation.yaml
[0.661s] -- Up-to-date: /home/qu/car_nav2/install/car_nav2/share/car_nav2/config/amcl_localization.yaml
[0.661s] -- Up-to-date: /home/qu/car_nav2/install/car_nav2/share/ament_index/resource_index/package_run_dependencies/car_nav2
[0.662s] -- Up-to-date: /home/qu/car_nav2/install/car_nav2/share/ament_index/resource_index/parent_prefix_path/car_nav2
[0.662s] -- Up-to-date: /home/qu/car_nav2/install/car_nav2/share/car_nav2/environment/ament_prefix_path.sh
[0.662s] -- Up-to-date: /home/qu/car_nav2/install/car_nav2/share/car_nav2/environment/ament_prefix_path.dsv
[0.663s] -- Up-to-date: /home/qu/car_nav2/install/car_nav2/share/car_nav2/environment/path.sh
[0.663s] -- Up-to-date: /home/qu/car_nav2/install/car_nav2/share/car_nav2/environment/path.dsv
[0.663s] -- Up-to-date: /home/qu/car_nav2/install/car_nav2/share/car_nav2/local_setup.bash
[0.664s] -- Up-to-date: /home/qu/car_nav2/install/car_nav2/share/car_nav2/local_setup.sh
[0.664s] -- Up-to-date: /home/qu/car_nav2/install/car_nav2/share/car_nav2/local_setup.zsh
[0.664s] -- Up-to-date: /home/qu/car_nav2/install/car_nav2/share/car_nav2/local_setup.dsv
[0.665s] -- Up-to-date: /home/qu/car_nav2/install/car_nav2/share/car_nav2/package.dsv
[0.665s] -- Up-to-date: /home/qu/car_nav2/install/car_nav2/share/ament_index/resource_index/packages/car_nav2
[0.665s] -- Up-to-date: /home/qu/car_nav2/install/car_nav2/share/car_nav2/cmake/car_nav2Config.cmake
[0.665s] -- Up-to-date: /home/qu/car_nav2/install/car_nav2/share/car_nav2/cmake/car_nav2Config-version.cmake
[0.666s] -- Up-to-date: /home/qu/car_nav2/install/car_nav2/share/car_nav2/package.xml
[0.666s] Invoked command in '/home/qu/car_nav2/build/car_nav2' returned '0': CMAKE_PREFIX_PATH=${CMAKE_PREFIX_PATH}:/opt/ros/jazzy DEBUGINFOD_URLS=https://debuginfod.ubuntu.com /usr/bin/cmake --install /home/qu/car_nav2/build/car_nav2
