-- Install configuration: ""
-- Up-to-date: /home/qu/car_nav2/install/car_nav2/share/car_nav2/launch
-- Up-to-date: /home/qu/car_nav2/install/car_nav2/share/car_nav2/launch/navigation_with_slam.launch.py
-- Installing: /home/qu/car_nav2/install/car_nav2/share/car_nav2/launch/world.launch.py
-- Up-to-date: /home/qu/car_nav2/install/car_nav2/share/car_nav2/launch/spawn_robot.launch.py
-- Up-to-date: /home/qu/car_nav2/install/car_nav2/share/car_nav2/worlds
-- Up-to-date: /home/qu/car_nav2/install/car_nav2/share/car_nav2/worlds/home.sdf
-- Up-to-date: /home/qu/car_nav2/install/car_nav2/share/car_nav2/rviz
-- Up-to-date: /home/qu/car_nav2/install/car_nav2/share/car_nav2/rviz/navigation.rviz
-- Up-to-date: /home/qu/car_nav2/install/car_nav2/share/car_nav2/rviz/mapping.rviz
-- Up-to-date: /home/qu/car_nav2/install/car_nav2/share/car_nav2/rviz/rviz.rviz
-- Up-to-date: /home/qu/car_nav2/install/car_nav2/share/car_nav2/rviz/urdf.rviz
-- Up-to-date: /home/qu/car_nav2/install/car_nav2/share/car_nav2/rviz/localization.rviz
-- Up-to-date: /home/qu/car_nav2/install/car_nav2/share/car_nav2/urdf
-- Up-to-date: /home/qu/car_nav2/install/car_nav2/share/car_nav2/urdf/mycar.gazebo
-- Up-to-date: /home/qu/car_nav2/install/car_nav2/share/car_nav2/urdf/mycar.urdf
-- Up-to-date: /home/qu/car_nav2/install/car_nav2/share/car_nav2/urdf/materials.xacro
-- Up-to-date: /home/qu/car_nav2/install/car_nav2/share/car_nav2/meshes
-- Up-to-date: /home/qu/car_nav2/install/car_nav2/share/car_nav2/meshes/mycar.dae
-- Up-to-date: /home/qu/car_nav2/install/car_nav2/share/car_nav2/meshes/wheel.dae
-- Up-to-date: /home/qu/car_nav2/install/car_nav2/share/car_nav2/meshes/lidar.dae
-- Up-to-date: /home/qu/car_nav2/install/car_nav2/share/car_nav2/config
-- Up-to-date: /home/qu/car_nav2/install/car_nav2/share/car_nav2/config/slam_toolbox_localization.yaml
-- Up-to-date: /home/qu/car_nav2/install/car_nav2/share/car_nav2/config/gz_bridge.yaml
-- Up-to-date: /home/qu/car_nav2/install/car_nav2/share/car_nav2/config/slam_toolbox_mapping.yaml
-- Up-to-date: /home/qu/car_nav2/install/car_nav2/share/car_nav2/config/ekf.yaml
-- Up-to-date: /home/qu/car_nav2/install/car_nav2/share/car_nav2/config/navigation.yaml
-- Up-to-date: /home/qu/car_nav2/install/car_nav2/share/car_nav2/config/amcl_localization.yaml
-- Up-to-date: /home/qu/car_nav2/install/car_nav2/share/ament_index/resource_index/package_run_dependencies/car_nav2
-- Up-to-date: /home/qu/car_nav2/install/car_nav2/share/ament_index/resource_index/parent_prefix_path/car_nav2
-- Up-to-date: /home/qu/car_nav2/install/car_nav2/share/car_nav2/environment/ament_prefix_path.sh
-- Up-to-date: /home/qu/car_nav2/install/car_nav2/share/car_nav2/environment/ament_prefix_path.dsv
-- Up-to-date: /home/qu/car_nav2/install/car_nav2/share/car_nav2/environment/path.sh
-- Up-to-date: /home/qu/car_nav2/install/car_nav2/share/car_nav2/environment/path.dsv
-- Up-to-date: /home/qu/car_nav2/install/car_nav2/share/car_nav2/local_setup.bash
-- Up-to-date: /home/qu/car_nav2/install/car_nav2/share/car_nav2/local_setup.sh
-- Up-to-date: /home/qu/car_nav2/install/car_nav2/share/car_nav2/local_setup.zsh
-- Up-to-date: /home/qu/car_nav2/install/car_nav2/share/car_nav2/local_setup.dsv
-- Up-to-date: /home/qu/car_nav2/install/car_nav2/share/car_nav2/package.dsv
-- Up-to-date: /home/qu/car_nav2/install/car_nav2/share/ament_index/resource_index/packages/car_nav2
-- Up-to-date: /home/qu/car_nav2/install/car_nav2/share/car_nav2/cmake/car_nav2Config.cmake
-- Up-to-date: /home/qu/car_nav2/install/car_nav2/share/car_nav2/cmake/car_nav2Config-version.cmake
-- Up-to-date: /home/qu/car_nav2/install/car_nav2/share/car_nav2/package.xml
