[0.019s] Invoking command in '/home/qu/car_nav2/build/car_nav2': CMAKE_PREFIX_PATH=${CMAKE_PREFIX_PATH}:/opt/ros/jazzy DEBUGINFOD_URLS=https://debuginfod.ubuntu.com /usr/bin/cmake /home/qu/car_nav2 -DCMAKE_INSTALL_PREFIX=/home/qu/car_nav2/install/car_nav2
[0.310s] -- The C compiler identification is GNU 13.3.0
[0.512s] -- The CXX compiler identification is GNU 13.3.0
[0.553s] -- Detecting C compiler ABI info
[0.755s] -- Detecting C compiler ABI info - done
[0.779s] -- Check for working C compiler: /usr/bin/cc - skipped
[0.780s] -- Detecting C compile features
[0.781s] -- Detecting C compile features - done
[0.803s] -- Detecting CXX compiler ABI info
[1.040s] -- Detecting CXX compiler ABI info - done
[1.066s] -- Check for working CXX compiler: /usr/bin/c++ - skipped
[1.067s] -- Detecting CXX compile features
[1.069s] -- Detecting CXX compile features - done
[1.133s] -- Found ament_cmake: 2.5.2 (/opt/ros/jazzy/share/ament_cmake/cmake)
[1.589s] -- Found Python3: /usr/bin/python3 (found version "3.12.3") found components: Interpreter 
[1.954s] -- Found ament_lint_auto: 0.17.1 (/opt/ros/jazzy/share/ament_lint_auto/cmake)
[2.249s] -- Added test 'cppcheck' to perform static code analysis on C / C++ code
[2.250s] -- Configured cppcheck include dirs: 
[2.250s] -- Configured cppcheck exclude dirs and/or files: 
[2.253s] -- Added test 'flake8' to check Python code syntax and style conventions
[2.254s] -- Configured 'flake8' exclude dirs and/or files: 
[2.260s] -- Added test 'lint_cmake' to check CMake code style
[2.264s] -- Added test 'pep257' to check Python code against some of the docstring style conventions in PEP 257
[2.277s] -- Added test 'uncrustify' to check C / C++ code style
[2.277s] -- Configured uncrustify additional arguments: 
[2.282s] -- Added test 'xmllint' to check XML markup files
[2.287s] -- Configuring done (2.2s)
[2.293s] -- Generating done (0.0s)
[2.298s] -- Build files have been written to: /home/qu/car_nav2/build/car_nav2
[2.310s] Invoked command in '/home/qu/car_nav2/build/car_nav2' returned '0': CMAKE_PREFIX_PATH=${CMAKE_PREFIX_PATH}:/opt/ros/jazzy DEBUGINFOD_URLS=https://debuginfod.ubuntu.com /usr/bin/cmake /home/qu/car_nav2 -DCMAKE_INSTALL_PREFIX=/home/qu/car_nav2/install/car_nav2
[2.312s] Invoking command in '/home/qu/car_nav2/build/car_nav2': CMAKE_PREFIX_PATH=${CMAKE_PREFIX_PATH}:/opt/ros/jazzy DEBUGINFOD_URLS=https://debuginfod.ubuntu.com /usr/bin/cmake --build /home/qu/car_nav2/build/car_nav2 -- -j12 -l12
[2.403s] Invoked command in '/home/qu/car_nav2/build/car_nav2' returned '0': CMAKE_PREFIX_PATH=${CMAKE_PREFIX_PATH}:/opt/ros/jazzy DEBUGINFOD_URLS=https://debuginfod.ubuntu.com /usr/bin/cmake --build /home/qu/car_nav2/build/car_nav2 -- -j12 -l12
[2.428s] Invoking command in '/home/qu/car_nav2/build/car_nav2': CMAKE_PREFIX_PATH=${CMAKE_PREFIX_PATH}:/opt/ros/jazzy DEBUGINFOD_URLS=https://debuginfod.ubuntu.com /usr/bin/cmake --install /home/qu/car_nav2/build/car_nav2
[2.448s] -- Install configuration: ""
[2.448s] -- Installing: /home/qu/car_nav2/install/car_nav2/share/car_nav2/launch
[2.448s] -- Installing: /home/qu/car_nav2/install/car_nav2/share/car_nav2/launch/navigation_with_slam.launch.py
[2.449s] -- Installing: /home/qu/car_nav2/install/car_nav2/share/car_nav2/launch/spawn_robot.launch.py
[2.449s] -- Installing: /home/qu/car_nav2/install/car_nav2/share/car_nav2/worlds
[2.450s] -- Installing: /home/qu/car_nav2/install/car_nav2/share/car_nav2/worlds/home.sdf
[2.450s] -- Installing: /home/qu/car_nav2/install/car_nav2/share/car_nav2/rviz
[2.450s] -- Installing: /home/qu/car_nav2/install/car_nav2/share/car_nav2/rviz/navigation.rviz
[2.451s] -- Installing: /home/qu/car_nav2/install/car_nav2/share/car_nav2/rviz/mapping.rviz
[2.451s] -- Installing: /home/qu/car_nav2/install/car_nav2/share/car_nav2/rviz/rviz.rviz
[2.451s] -- Installing: /home/qu/car_nav2/install/car_nav2/share/car_nav2/rviz/urdf.rviz
[2.451s] -- Installing: /home/qu/car_nav2/install/car_nav2/share/car_nav2/rviz/localization.rviz
[2.452s] -- Installing: /home/qu/car_nav2/install/car_nav2/share/car_nav2/urdf
[2.452s] -- Installing: /home/qu/car_nav2/install/car_nav2/share/car_nav2/urdf/mycar.gazebo
[2.452s] -- Installing: /home/qu/car_nav2/install/car_nav2/share/car_nav2/urdf/mycar.urdf
[2.453s] -- Installing: /home/qu/car_nav2/install/car_nav2/share/car_nav2/urdf/materials.xacro
[2.453s] -- Installing: /home/qu/car_nav2/install/car_nav2/share/car_nav2/meshes
[2.453s] -- Installing: /home/qu/car_nav2/install/car_nav2/share/car_nav2/meshes/mycar.dae
[2.453s] -- Installing: /home/qu/car_nav2/install/car_nav2/share/car_nav2/meshes/wheel.dae
[2.454s] -- Installing: /home/qu/car_nav2/install/car_nav2/share/car_nav2/meshes/lidar.dae
[2.454s] -- Installing: /home/qu/car_nav2/install/car_nav2/share/car_nav2/config
[2.454s] -- Installing: /home/qu/car_nav2/install/car_nav2/share/car_nav2/config/slam_toolbox_localization.yaml
[2.455s] -- Installing: /home/qu/car_nav2/install/car_nav2/share/car_nav2/config/gz_bridge.yaml
[2.455s] -- Installing: /home/qu/car_nav2/install/car_nav2/share/car_nav2/config/slam_toolbox_mapping.yaml
[2.455s] -- Installing: /home/qu/car_nav2/install/car_nav2/share/car_nav2/config/ekf.yaml
[2.456s] -- Installing: /home/qu/car_nav2/install/car_nav2/share/car_nav2/config/navigation.yaml
[2.456s] -- Installing: /home/qu/car_nav2/install/car_nav2/share/car_nav2/config/amcl_localization.yaml
[2.456s] -- Installing: /home/qu/car_nav2/install/car_nav2/share/ament_index/resource_index/package_run_dependencies/car_nav2
[2.457s] -- Installing: /home/qu/car_nav2/install/car_nav2/share/ament_index/resource_index/parent_prefix_path/car_nav2
[2.457s] -- Installing: /home/qu/car_nav2/install/car_nav2/share/car_nav2/environment/ament_prefix_path.sh
[2.457s] -- Installing: /home/qu/car_nav2/install/car_nav2/share/car_nav2/environment/ament_prefix_path.dsv
[2.458s] -- Installing: /home/qu/car_nav2/install/car_nav2/share/car_nav2/environment/path.sh
[2.458s] -- Installing: /home/qu/car_nav2/install/car_nav2/share/car_nav2/environment/path.dsv
[2.458s] -- Installing: /home/qu/car_nav2/install/car_nav2/share/car_nav2/local_setup.bash
[2.459s] -- Installing: /home/qu/car_nav2/install/car_nav2/share/car_nav2/local_setup.sh
[2.459s] -- Installing: /home/qu/car_nav2/install/car_nav2/share/car_nav2/local_setup.zsh
[2.459s] -- Installing: /home/qu/car_nav2/install/car_nav2/share/car_nav2/local_setup.dsv
[2.460s] -- Installing: /home/qu/car_nav2/install/car_nav2/share/car_nav2/package.dsv
[2.460s] -- Installing: /home/qu/car_nav2/install/car_nav2/share/ament_index/resource_index/packages/car_nav2
[2.461s] -- Installing: /home/qu/car_nav2/install/car_nav2/share/car_nav2/cmake/car_nav2Config.cmake
[2.461s] -- Installing: /home/qu/car_nav2/install/car_nav2/share/car_nav2/cmake/car_nav2Config-version.cmake
[2.461s] -- Installing: /home/qu/car_nav2/install/car_nav2/share/car_nav2/package.xml
[2.465s] Invoked command in '/home/qu/car_nav2/build/car_nav2' returned '0': CMAKE_PREFIX_PATH=${CMAKE_PREFIX_PATH}:/opt/ros/jazzy DEBUGINFOD_URLS=https://debuginfod.ubuntu.com /usr/bin/cmake --install /home/qu/car_nav2/build/car_nav2
