[0.033s] Invoking command in '/home/qu/car_nav2/build/car_nav2': CMAKE_PREFIX_PATH=${CMAKE_PREFIX_PATH}:/opt/ros/jazzy DEBUGINFOD_URLS=https://debuginfod.ubuntu.com /usr/bin/cmake --build /home/qu/car_nav2/build/car_nav2 -- -j12 -l12
[0.140s] Invoked command in '/home/qu/car_nav2/build/car_nav2' returned '0': CMAKE_PREFIX_PATH=${CMAKE_PREFIX_PATH}:/opt/ros/jazzy DEBUGINFOD_URLS=https://debuginfod.ubuntu.com /usr/bin/cmake --build /home/qu/car_nav2/build/car_nav2 -- -j12 -l12
[0.164s] Invoking command in '/home/qu/car_nav2/build/car_nav2': CMAKE_PREFIX_PATH=${CMAKE_PREFIX_PATH}:/opt/ros/jazzy DEBUGINFOD_URLS=https://debuginfod.ubuntu.com /usr/bin/cmake --install /home/qu/car_nav2/build/car_nav2
[0.185s] -- Install configuration: ""
[0.186s] -- Up-to-date: /home/qu/car_nav2/install/car_nav2/share/car_nav2/launch
[0.186s] -- Up-to-date: /home/qu/car_nav2/install/car_nav2/share/car_nav2/launch/navigation_with_slam.launch.py
[0.186s] -- Up-to-date: /home/qu/car_nav2/install/car_nav2/share/car_nav2/launch/world.launch.py
[0.186s] -- Up-to-date: /home/qu/car_nav2/install/car_nav2/share/car_nav2/launch/spawn_robot.launch.py
[0.187s] -- Up-to-date: /home/qu/car_nav2/install/car_nav2/share/car_nav2/worlds
[0.187s] -- Up-to-date: /home/qu/car_nav2/install/car_nav2/share/car_nav2/worlds/home.sdf
[0.187s] -- Up-to-date: /home/qu/car_nav2/install/car_nav2/share/car_nav2/rviz
[0.187s] -- Up-to-date: /home/qu/car_nav2/install/car_nav2/share/car_nav2/rviz/navigation.rviz
[0.188s] -- Up-to-date: /home/qu/car_nav2/install/car_nav2/share/car_nav2/rviz/mapping.rviz
[0.188s] -- Up-to-date: /home/qu/car_nav2/install/car_nav2/share/car_nav2/rviz/rviz.rviz
[0.188s] -- Up-to-date: /home/qu/car_nav2/install/car_nav2/share/car_nav2/rviz/urdf.rviz
[0.188s] -- Up-to-date: /home/qu/car_nav2/install/car_nav2/share/car_nav2/rviz/localization.rviz
[0.189s] -- Up-to-date: /home/qu/car_nav2/install/car_nav2/share/car_nav2/urdf
[0.189s] -- Up-to-date: /home/qu/car_nav2/install/car_nav2/share/car_nav2/urdf/mycar.gazebo
[0.189s] -- Up-to-date: /home/qu/car_nav2/install/car_nav2/share/car_nav2/urdf/mycar.urdf
[0.189s] -- Up-to-date: /home/qu/car_nav2/install/car_nav2/share/car_nav2/urdf/materials.xacro
[0.189s] -- Up-to-date: /home/qu/car_nav2/install/car_nav2/share/car_nav2/meshes
[0.189s] -- Up-to-date: /home/qu/car_nav2/install/car_nav2/share/car_nav2/meshes/mycar.dae
[0.190s] -- Up-to-date: /home/qu/car_nav2/install/car_nav2/share/car_nav2/meshes/wheel.dae
[0.190s] -- Up-to-date: /home/qu/car_nav2/install/car_nav2/share/car_nav2/meshes/lidar.dae
[0.190s] -- Up-to-date: /home/qu/car_nav2/install/car_nav2/share/car_nav2/config
[0.191s] -- Up-to-date: /home/qu/car_nav2/install/car_nav2/share/car_nav2/config/slam_toolbox_localization.yaml
[0.191s] -- Up-to-date: /home/qu/car_nav2/install/car_nav2/share/car_nav2/config/gz_bridge.yaml
[0.191s] -- Up-to-date: /home/qu/car_nav2/install/car_nav2/share/car_nav2/config/slam_toolbox_mapping.yaml
[0.192s] -- Up-to-date: /home/qu/car_nav2/install/car_nav2/share/car_nav2/config/ekf.yaml
[0.192s] -- Up-to-date: /home/qu/car_nav2/install/car_nav2/share/car_nav2/config/navigation.yaml
[0.192s] -- Up-to-date: /home/qu/car_nav2/install/car_nav2/share/car_nav2/config/amcl_localization.yaml
[0.193s] -- Up-to-date: /home/qu/car_nav2/install/car_nav2/share/ament_index/resource_index/package_run_dependencies/car_nav2
[0.193s] -- Up-to-date: /home/qu/car_nav2/install/car_nav2/share/ament_index/resource_index/parent_prefix_path/car_nav2
[0.194s] -- Up-to-date: /home/qu/car_nav2/install/car_nav2/share/car_nav2/environment/ament_prefix_path.sh
[0.194s] -- Up-to-date: /home/qu/car_nav2/install/car_nav2/share/car_nav2/environment/ament_prefix_path.dsv
[0.195s] -- Up-to-date: /home/qu/car_nav2/install/car_nav2/share/car_nav2/environment/path.sh
[0.195s] -- Up-to-date: /home/qu/car_nav2/install/car_nav2/share/car_nav2/environment/path.dsv
[0.195s] -- Up-to-date: /home/qu/car_nav2/install/car_nav2/share/car_nav2/local_setup.bash
[0.196s] -- Up-to-date: /home/qu/car_nav2/install/car_nav2/share/car_nav2/local_setup.sh
[0.196s] -- Up-to-date: /home/qu/car_nav2/install/car_nav2/share/car_nav2/local_setup.zsh
[0.198s] -- Up-to-date: /home/qu/car_nav2/install/car_nav2/share/car_nav2/local_setup.dsv
[0.198s] -- Installing: /home/qu/car_nav2/install/car_nav2/share/car_nav2/package.dsv
[0.200s] -- Up-to-date: /home/qu/car_nav2/install/car_nav2/share/ament_index/resource_index/packages/car_nav2
[0.201s] -- Up-to-date: /home/qu/car_nav2/install/car_nav2/share/car_nav2/cmake/car_nav2Config.cmake
[0.201s] -- Up-to-date: /home/qu/car_nav2/install/car_nav2/share/car_nav2/cmake/car_nav2Config-version.cmake
[0.202s] -- Up-to-date: /home/qu/car_nav2/install/car_nav2/share/car_nav2/package.xml
[0.202s] Invoked command in '/home/qu/car_nav2/build/car_nav2' returned '0': CMAKE_PREFIX_PATH=${CMAKE_PREFIX_PATH}:/opt/ros/jazzy DEBUGINFOD_URLS=https://debuginfod.ubuntu.com /usr/bin/cmake --install /home/qu/car_nav2/build/car_nav2
