[0.269s] DEBUG:colcon:Command line arguments: ['/usr/bin/colcon', 'build']
[0.269s] DEBUG:colcon:Parsed command line arguments: Namespace(log_base=None, log_level=None, verb_name='build', build_base='build', install_base='install', merge_install=False, symlink_install=False, test_result_base=None, continue_on_error=False, executor='parallel', parallel_workers=12, event_handlers=None, ignore_user_meta=False, metas=['./colcon.meta'], base_paths=['.'], packages_ignore=None, packages_ignore_regex=None, paths=None, packages_up_to=None, packages_up_to_regex=None, packages_above=None, packages_above_and_dependencies=None, packages_above_depth=None, packages_select_by_dep=None, packages_skip_by_dep=None, packages_skip_up_to=None, packages_select_build_failed=False, packages_skip_build_finished=False, packages_select_test_failures=False, packages_skip_test_passed=False, packages_select=None, packages_skip=None, packages_select_regex=None, packages_skip_regex=None, packages_start=None, packages_end=None, allow_overriding=[], cmake_args=None, cmake_target=None, cmake_target_skip_unavailable=False, cmake_clean_cache=False, cmake_clean_first=False, cmake_force_configure=False, ament_cmake_args=None, catkin_cmake_args=None, catkin_skip_building_tests=False, verb_parser=<colcon_defaults.argument_parser.defaults.DefaultArgumentsDecorator object at 0x79860cd11250>, verb_extension=<colcon_core.verb.build.BuildVerb object at 0x79860ccbeab0>, main=<bound method BuildVerb.main of <colcon_core.verb.build.BuildVerb object at 0x79860ccbeab0>>)
[0.374s] Level 1:colcon.colcon_core.package_discovery:discover_packages(colcon_meta) check parameters
[0.374s] Level 1:colcon.colcon_core.package_discovery:discover_packages(recursive) check parameters
[0.374s] Level 1:colcon.colcon_core.package_discovery:discover_packages(ignore) check parameters
[0.375s] Level 1:colcon.colcon_core.package_discovery:discover_packages(path) check parameters
[0.375s] Level 1:colcon.colcon_core.package_discovery:discover_packages(colcon_meta) discover
[0.375s] Level 1:colcon.colcon_core.package_discovery:discover_packages(recursive) discover
[0.375s] INFO:colcon.colcon_core.package_discovery:Crawling recursively for packages in '/home/qu/car_nav2'
[0.375s] Level 1:colcon.colcon_core.package_identification:_identify(.) by extensions ['ignore', 'ignore_ament_install']
[0.375s] Level 1:colcon.colcon_core.package_identification:_identify(.) by extension 'ignore'
[0.375s] Level 1:colcon.colcon_core.package_identification:_identify(.) by extension 'ignore_ament_install'
[0.375s] Level 1:colcon.colcon_core.package_identification:_identify(.) by extensions ['colcon_pkg']
[0.375s] Level 1:colcon.colcon_core.package_identification:_identify(.) by extension 'colcon_pkg'
[0.376s] Level 1:colcon.colcon_core.package_identification:_identify(.) by extensions ['colcon_meta']
[0.376s] Level 1:colcon.colcon_core.package_identification:_identify(.) by extension 'colcon_meta'
[0.376s] Level 1:colcon.colcon_core.package_identification:_identify(.) by extensions ['ros']
[0.376s] Level 1:colcon.colcon_core.package_identification:_identify(.) by extension 'ros'
[0.442s] DEBUG:colcon.colcon_core.package_identification:Package '.' with type 'ros.ament_cmake' and name 'car_nav2'
[0.442s] Level 1:colcon.colcon_core.package_discovery:discover_packages(recursive) using defaults
[0.442s] Level 1:colcon.colcon_core.package_discovery:discover_packages(ignore) discover
[0.442s] Level 1:colcon.colcon_core.package_discovery:discover_packages(ignore) using defaults
[0.442s] Level 1:colcon.colcon_core.package_discovery:discover_packages(path) discover
[0.443s] Level 1:colcon.colcon_core.package_discovery:discover_packages(path) using defaults
[0.498s] Level 1:colcon.colcon_core.package_discovery:discover_packages(prefix_path) check parameters
[0.498s] Level 1:colcon.colcon_core.package_discovery:discover_packages(prefix_path) discover
[0.519s] DEBUG:colcon.colcon_installed_package_information.package_discovery:Found 415 installed packages in /opt/ros/jazzy
[0.523s] Level 1:colcon.colcon_core.package_discovery:discover_packages(prefix_path) using defaults
[0.679s] Level 5:colcon.colcon_core.verb:set package 'car_nav2' build argument 'cmake_args' from command line to 'None'
[0.680s] Level 5:colcon.colcon_core.verb:set package 'car_nav2' build argument 'cmake_target' from command line to 'None'
[0.680s] Level 5:colcon.colcon_core.verb:set package 'car_nav2' build argument 'cmake_target_skip_unavailable' from command line to 'False'
[0.680s] Level 5:colcon.colcon_core.verb:set package 'car_nav2' build argument 'cmake_clean_cache' from command line to 'False'
[0.680s] Level 5:colcon.colcon_core.verb:set package 'car_nav2' build argument 'cmake_clean_first' from command line to 'False'
[0.680s] Level 5:colcon.colcon_core.verb:set package 'car_nav2' build argument 'cmake_force_configure' from command line to 'False'
[0.680s] Level 5:colcon.colcon_core.verb:set package 'car_nav2' build argument 'ament_cmake_args' from command line to 'None'
[0.680s] Level 5:colcon.colcon_core.verb:set package 'car_nav2' build argument 'catkin_cmake_args' from command line to 'None'
[0.680s] Level 5:colcon.colcon_core.verb:set package 'car_nav2' build argument 'catkin_skip_building_tests' from command line to 'False'
[0.680s] DEBUG:colcon.colcon_core.verb:Building package 'car_nav2' with the following arguments: {'ament_cmake_args': None, 'build_base': '/home/qu/car_nav2/build/car_nav2', 'catkin_cmake_args': None, 'catkin_skip_building_tests': False, 'cmake_args': None, 'cmake_clean_cache': False, 'cmake_clean_first': False, 'cmake_force_configure': False, 'cmake_target': None, 'cmake_target_skip_unavailable': False, 'install_base': '/home/qu/car_nav2/install/car_nav2', 'merge_install': False, 'path': '/home/qu/car_nav2', 'symlink_install': False, 'test_result_base': None}
[0.680s] INFO:colcon.colcon_core.executor:Executing jobs using 'parallel' executor
[0.682s] DEBUG:colcon.colcon_parallel_executor.executor.parallel:run_until_complete
[0.683s] INFO:colcon.colcon_ros.task.ament_cmake.build:Building ROS package in '/home/qu/car_nav2' with build type 'ament_cmake'
[0.683s] INFO:colcon.colcon_cmake.task.cmake.build:Building CMake package in '/home/qu/car_nav2'
[0.689s] INFO:colcon.colcon_core.plugin_system:Skipping extension 'colcon_core.shell.bat': Not used on non-Windows systems
[0.689s] INFO:colcon.colcon_core.shell:Skip shell extension 'powershell' for command environment: Not usable outside of PowerShell
[0.689s] DEBUG:colcon.colcon_core.shell:Skip shell extension 'dsv' for command environment
[0.706s] DEBUG:colcon.colcon_core.event_handler.log_command:Invoking command in '/home/qu/car_nav2/build/car_nav2': CMAKE_PREFIX_PATH=${CMAKE_PREFIX_PATH}:/opt/ros/jazzy DEBUGINFOD_URLS=https://debuginfod.ubuntu.com /usr/bin/cmake /home/qu/car_nav2 -DCMAKE_INSTALL_PREFIX=/home/qu/car_nav2/install/car_nav2
[2.997s] DEBUG:colcon.colcon_core.event_handler.log_command:Invoked command in '/home/qu/car_nav2/build/car_nav2' returned '0': CMAKE_PREFIX_PATH=${CMAKE_PREFIX_PATH}:/opt/ros/jazzy DEBUGINFOD_URLS=https://debuginfod.ubuntu.com /usr/bin/cmake /home/qu/car_nav2 -DCMAKE_INSTALL_PREFIX=/home/qu/car_nav2/install/car_nav2
[2.998s] DEBUG:colcon.colcon_core.event_handler.log_command:Invoking command in '/home/qu/car_nav2/build/car_nav2': CMAKE_PREFIX_PATH=${CMAKE_PREFIX_PATH}:/opt/ros/jazzy DEBUGINFOD_URLS=https://debuginfod.ubuntu.com /usr/bin/cmake --build /home/qu/car_nav2/build/car_nav2 -- -j12 -l12
[3.090s] DEBUG:colcon.colcon_core.event_handler.log_command:Invoked command in '/home/qu/car_nav2/build/car_nav2' returned '0': CMAKE_PREFIX_PATH=${CMAKE_PREFIX_PATH}:/opt/ros/jazzy DEBUGINFOD_URLS=https://debuginfod.ubuntu.com /usr/bin/cmake --build /home/qu/car_nav2/build/car_nav2 -- -j12 -l12
[3.116s] DEBUG:colcon.colcon_core.event_handler.log_command:Invoking command in '/home/qu/car_nav2/build/car_nav2': CMAKE_PREFIX_PATH=${CMAKE_PREFIX_PATH}:/opt/ros/jazzy DEBUGINFOD_URLS=https://debuginfod.ubuntu.com /usr/bin/cmake --install /home/qu/car_nav2/build/car_nav2
[3.151s] Level 1:colcon.colcon_core.environment:create_environment_scripts_only(car_nav2)
[3.151s] DEBUG:colcon.colcon_core.event_handler.log_command:Invoked command in '/home/qu/car_nav2/build/car_nav2' returned '0': CMAKE_PREFIX_PATH=${CMAKE_PREFIX_PATH}:/opt/ros/jazzy DEBUGINFOD_URLS=https://debuginfod.ubuntu.com /usr/bin/cmake --install /home/qu/car_nav2/build/car_nav2
[3.157s] Level 1:colcon.colcon_core.environment:checking '/home/qu/car_nav2/install/car_nav2' for CMake module files
[3.158s] Level 1:colcon.colcon_core.environment:checking '/home/qu/car_nav2/install/car_nav2' for CMake config files
[3.159s] Level 1:colcon.colcon_core.shell:create_environment_hook('car_nav2', 'cmake_prefix_path')
[3.159s] INFO:colcon.colcon_core.shell:Creating environment hook '/home/qu/car_nav2/install/car_nav2/share/car_nav2/hook/cmake_prefix_path.ps1'
[3.161s] INFO:colcon.colcon_core.shell:Creating environment descriptor '/home/qu/car_nav2/install/car_nav2/share/car_nav2/hook/cmake_prefix_path.dsv'
[3.162s] INFO:colcon.colcon_core.shell:Creating environment hook '/home/qu/car_nav2/install/car_nav2/share/car_nav2/hook/cmake_prefix_path.sh'
[3.163s] Level 1:colcon.colcon_core.environment:checking '/home/qu/car_nav2/install/car_nav2/bin'
[3.164s] Level 1:colcon.colcon_core.environment:checking '/home/qu/car_nav2/install/car_nav2/lib/pkgconfig/car_nav2.pc'
[3.164s] Level 1:colcon.colcon_core.environment:checking '/home/qu/car_nav2/install/car_nav2/lib/python3.12/site-packages'
[3.165s] Level 1:colcon.colcon_core.environment:checking '/home/qu/car_nav2/install/car_nav2/bin'
[3.165s] INFO:colcon.colcon_core.shell:Creating package script '/home/qu/car_nav2/install/car_nav2/share/car_nav2/package.ps1'
[3.167s] INFO:colcon.colcon_core.shell:Creating package descriptor '/home/qu/car_nav2/install/car_nav2/share/car_nav2/package.dsv'
[3.169s] INFO:colcon.colcon_core.shell:Creating package script '/home/qu/car_nav2/install/car_nav2/share/car_nav2/package.sh'
[3.170s] INFO:colcon.colcon_core.shell:Creating package script '/home/qu/car_nav2/install/car_nav2/share/car_nav2/package.bash'
[3.171s] INFO:colcon.colcon_core.shell:Creating package script '/home/qu/car_nav2/install/car_nav2/share/car_nav2/package.zsh'
[3.172s] Level 1:colcon.colcon_core.environment:create_file_with_runtime_dependencies(/home/qu/car_nav2/install/car_nav2/share/colcon-core/packages/car_nav2)
[3.174s] Level 1:colcon.colcon_core.environment:create_environment_scripts_only(car_nav2)
[3.174s] Level 1:colcon.colcon_core.environment:checking '/home/qu/car_nav2/install/car_nav2' for CMake module files
[3.175s] Level 1:colcon.colcon_core.environment:checking '/home/qu/car_nav2/install/car_nav2' for CMake config files
[3.176s] Level 1:colcon.colcon_core.shell:create_environment_hook('car_nav2', 'cmake_prefix_path')
[3.176s] INFO:colcon.colcon_core.shell:Creating environment hook '/home/qu/car_nav2/install/car_nav2/share/car_nav2/hook/cmake_prefix_path.ps1'
[3.177s] INFO:colcon.colcon_core.shell:Creating environment descriptor '/home/qu/car_nav2/install/car_nav2/share/car_nav2/hook/cmake_prefix_path.dsv'
[3.178s] INFO:colcon.colcon_core.shell:Creating environment hook '/home/qu/car_nav2/install/car_nav2/share/car_nav2/hook/cmake_prefix_path.sh'
[3.180s] Level 1:colcon.colcon_core.environment:checking '/home/qu/car_nav2/install/car_nav2/bin'
[3.180s] Level 1:colcon.colcon_core.environment:checking '/home/qu/car_nav2/install/car_nav2/lib/pkgconfig/car_nav2.pc'
[3.180s] Level 1:colcon.colcon_core.environment:checking '/home/qu/car_nav2/install/car_nav2/lib/python3.12/site-packages'
[3.181s] Level 1:colcon.colcon_core.environment:checking '/home/qu/car_nav2/install/car_nav2/bin'
[3.181s] INFO:colcon.colcon_core.shell:Creating package script '/home/qu/car_nav2/install/car_nav2/share/car_nav2/package.ps1'
[3.183s] INFO:colcon.colcon_core.shell:Creating package descriptor '/home/qu/car_nav2/install/car_nav2/share/car_nav2/package.dsv'
[3.194s] INFO:colcon.colcon_core.shell:Creating package script '/home/qu/car_nav2/install/car_nav2/share/car_nav2/package.sh'
[3.197s] INFO:colcon.colcon_core.shell:Creating package script '/home/qu/car_nav2/install/car_nav2/share/car_nav2/package.bash'
[3.202s] INFO:colcon.colcon_core.shell:Creating package script '/home/qu/car_nav2/install/car_nav2/share/car_nav2/package.zsh'
[3.205s] Level 1:colcon.colcon_core.environment:create_file_with_runtime_dependencies(/home/qu/car_nav2/install/car_nav2/share/colcon-core/packages/car_nav2)
[3.206s] DEBUG:colcon.colcon_parallel_executor.executor.parallel:closing loop
[3.207s] DEBUG:colcon.colcon_parallel_executor.executor.parallel:loop closed
[3.207s] DEBUG:colcon.colcon_parallel_executor.executor.parallel:run_until_complete finished with '0'
[3.207s] DEBUG:colcon.colcon_core.event_reactor:joining thread
[3.281s] INFO:colcon.colcon_core.plugin_system:Skipping extension 'colcon_notification.desktop_notification.terminal_notifier': Not used on non-Darwin systems
[3.282s] INFO:colcon.colcon_core.plugin_system:Skipping extension 'colcon_notification.desktop_notification.win32': Not used on non-Windows systems
[3.282s] INFO:colcon.colcon_notification.desktop_notification:Sending desktop notification using 'notify2'
[3.384s] DEBUG:colcon.colcon_core.event_reactor:joined thread
[3.384s] INFO:colcon.colcon_core.shell:Creating prefix script '/home/qu/car_nav2/install/local_setup.ps1'
[3.386s] INFO:colcon.colcon_core.shell:Creating prefix util module '/home/qu/car_nav2/install/_local_setup_util_ps1.py'
[3.389s] INFO:colcon.colcon_core.shell:Creating prefix chain script '/home/qu/car_nav2/install/setup.ps1'
[3.391s] INFO:colcon.colcon_core.shell:Creating prefix script '/home/qu/car_nav2/install/local_setup.sh'
[3.392s] INFO:colcon.colcon_core.shell:Creating prefix util module '/home/qu/car_nav2/install/_local_setup_util_sh.py'
[3.393s] INFO:colcon.colcon_core.shell:Creating prefix chain script '/home/qu/car_nav2/install/setup.sh'
[3.395s] INFO:colcon.colcon_core.shell:Creating prefix script '/home/qu/car_nav2/install/local_setup.bash'
[3.396s] INFO:colcon.colcon_core.shell:Creating prefix chain script '/home/qu/car_nav2/install/setup.bash'
[3.398s] INFO:colcon.colcon_core.shell:Creating prefix script '/home/qu/car_nav2/install/local_setup.zsh'
[3.399s] INFO:colcon.colcon_core.shell:Creating prefix chain script '/home/qu/car_nav2/install/setup.zsh'
