[0.231s] DEBUG:colcon:Command line arguments: ['/usr/bin/colcon', 'build']
[0.231s] DEBUG:colcon:Parsed command line arguments: Namespace(log_base=None, log_level=None, verb_name='build', build_base='build', install_base='install', merge_install=False, symlink_install=False, test_result_base=None, continue_on_error=False, executor='parallel', parallel_workers=12, event_handlers=None, ignore_user_meta=False, metas=['./colcon.meta'], base_paths=['.'], packages_ignore=None, packages_ignore_regex=None, paths=None, packages_up_to=None, packages_up_to_regex=None, packages_above=None, packages_above_and_dependencies=None, packages_above_depth=None, packages_select_by_dep=None, packages_skip_by_dep=None, packages_skip_up_to=None, packages_select_build_failed=False, packages_skip_build_finished=False, packages_select_test_failures=False, packages_skip_test_passed=False, packages_select=None, packages_skip=None, packages_select_regex=None, packages_skip_regex=None, packages_start=None, packages_end=None, allow_overriding=[], cmake_args=None, cmake_target=None, cmake_target_skip_unavailable=False, cmake_clean_cache=False, cmake_clean_first=False, cmake_force_configure=False, ament_cmake_args=None, catkin_cmake_args=None, catkin_skip_building_tests=False, verb_parser=<colcon_defaults.argument_parser.defaults.DefaultArgumentsDecorator object at 0x7f4eb6981190>, verb_extension=<colcon_core.verb.build.BuildVerb object at 0x7f4eb6aaddc0>, main=<bound method BuildVerb.main of <colcon_core.verb.build.BuildVerb object at 0x7f4eb6aaddc0>>)
[0.329s] Level 1:colcon.colcon_core.package_discovery:discover_packages(colcon_meta) check parameters
[0.330s] Level 1:colcon.colcon_core.package_discovery:discover_packages(recursive) check parameters
[0.330s] Level 1:colcon.colcon_core.package_discovery:discover_packages(ignore) check parameters
[0.330s] Level 1:colcon.colcon_core.package_discovery:discover_packages(path) check parameters
[0.330s] Level 1:colcon.colcon_core.package_discovery:discover_packages(colcon_meta) discover
[0.330s] Level 1:colcon.colcon_core.package_discovery:discover_packages(recursive) discover
[0.330s] INFO:colcon.colcon_core.package_discovery:Crawling recursively for packages in '/home/qu/car_nav2'
[0.330s] Level 1:colcon.colcon_core.package_identification:_identify(.) by extensions ['ignore', 'ignore_ament_install']
[0.331s] Level 1:colcon.colcon_core.package_identification:_identify(.) by extension 'ignore'
[0.331s] Level 1:colcon.colcon_core.package_identification:_identify(.) by extension 'ignore_ament_install'
[0.331s] Level 1:colcon.colcon_core.package_identification:_identify(.) by extensions ['colcon_pkg']
[0.331s] Level 1:colcon.colcon_core.package_identification:_identify(.) by extension 'colcon_pkg'
[0.331s] Level 1:colcon.colcon_core.package_identification:_identify(.) by extensions ['colcon_meta']
[0.331s] Level 1:colcon.colcon_core.package_identification:_identify(.) by extension 'colcon_meta'
[0.332s] Level 1:colcon.colcon_core.package_identification:_identify(.) by extensions ['ros']
[0.332s] Level 1:colcon.colcon_core.package_identification:_identify(.) by extension 'ros'
[0.398s] Level 1:colcon.colcon_core.package_identification:_identify(.) by extensions ['cmake', 'python']
[0.398s] Level 1:colcon.colcon_core.package_identification:_identify(.) by extension 'cmake'
[0.399s] Level 1:colcon.colcon_core.package_identification:_identify(.) by extension 'python'
[0.399s] Level 1:colcon.colcon_core.package_identification:_identify(.) by extensions ['python_setup_py']
[0.399s] Level 1:colcon.colcon_core.package_identification:_identify(.) by extension 'python_setup_py'
[0.399s] Level 1:colcon.colcon_core.package_identification:_identify(build) by extensions ['ignore', 'ignore_ament_install']
[0.399s] Level 1:colcon.colcon_core.package_identification:_identify(build) by extension 'ignore'
[0.400s] Level 1:colcon.colcon_core.package_identification:_identify(build) ignored
[0.400s] Level 1:colcon.colcon_core.package_identification:_identify(install) by extensions ['ignore', 'ignore_ament_install']
[0.400s] Level 1:colcon.colcon_core.package_identification:_identify(install) by extension 'ignore'
[0.400s] Level 1:colcon.colcon_core.package_identification:_identify(install) ignored
[0.401s] Level 1:colcon.colcon_core.package_identification:_identify(log) by extensions ['ignore', 'ignore_ament_install']
[0.401s] Level 1:colcon.colcon_core.package_identification:_identify(log) by extension 'ignore'
[0.401s] Level 1:colcon.colcon_core.package_identification:_identify(log) ignored
[0.401s] Level 1:colcon.colcon_core.package_identification:_identify(mogi_trajectory_server) by extensions ['ignore', 'ignore_ament_install']
[0.401s] Level 1:colcon.colcon_core.package_identification:_identify(mogi_trajectory_server) by extension 'ignore'
[0.401s] Level 1:colcon.colcon_core.package_identification:_identify(mogi_trajectory_server) by extension 'ignore_ament_install'
[0.402s] Level 1:colcon.colcon_core.package_identification:_identify(mogi_trajectory_server) by extensions ['colcon_pkg']
[0.402s] Level 1:colcon.colcon_core.package_identification:_identify(mogi_trajectory_server) by extension 'colcon_pkg'
[0.402s] Level 1:colcon.colcon_core.package_identification:_identify(mogi_trajectory_server) by extensions ['colcon_meta']
[0.402s] Level 1:colcon.colcon_core.package_identification:_identify(mogi_trajectory_server) by extension 'colcon_meta'
[0.402s] Level 1:colcon.colcon_core.package_identification:_identify(mogi_trajectory_server) by extensions ['ros']
[0.402s] Level 1:colcon.colcon_core.package_identification:_identify(mogi_trajectory_server) by extension 'ros'
[0.410s] DEBUG:colcon.colcon_core.package_identification:Package 'mogi_trajectory_server' with type 'ros.ament_python' and name 'mogi_trajectory_server'
[0.410s] Level 1:colcon.colcon_core.package_identification:_identify(src) by extensions ['ignore', 'ignore_ament_install']
[0.410s] Level 1:colcon.colcon_core.package_identification:_identify(src) by extension 'ignore'
[0.410s] Level 1:colcon.colcon_core.package_identification:_identify(src) by extension 'ignore_ament_install'
[0.411s] Level 1:colcon.colcon_core.package_identification:_identify(src) by extensions ['colcon_pkg']
[0.411s] Level 1:colcon.colcon_core.package_identification:_identify(src) by extension 'colcon_pkg'
[0.411s] Level 1:colcon.colcon_core.package_identification:_identify(src) by extensions ['colcon_meta']
[0.411s] Level 1:colcon.colcon_core.package_identification:_identify(src) by extension 'colcon_meta'
[0.411s] Level 1:colcon.colcon_core.package_identification:_identify(src) by extensions ['ros']
[0.411s] Level 1:colcon.colcon_core.package_identification:_identify(src) by extension 'ros'
[0.412s] DEBUG:colcon.colcon_core.package_identification:Package 'src' with type 'ros.ament_cmake' and name 'car_nav2'
[0.412s] Level 1:colcon.colcon_core.package_discovery:discover_packages(recursive) using defaults
[0.413s] Level 1:colcon.colcon_core.package_discovery:discover_packages(ignore) discover
[0.413s] Level 1:colcon.colcon_core.package_discovery:discover_packages(ignore) using defaults
[0.413s] Level 1:colcon.colcon_core.package_discovery:discover_packages(path) discover
[0.413s] Level 1:colcon.colcon_core.package_discovery:discover_packages(path) using defaults
[0.457s] Level 1:colcon.colcon_core.package_discovery:discover_packages(prefix_path) check parameters
[0.458s] Level 1:colcon.colcon_core.package_discovery:discover_packages(prefix_path) discover
[0.462s] DEBUG:colcon.colcon_installed_package_information.package_discovery:Found 2 installed packages in /home/qu/car_nav2/install
[0.467s] DEBUG:colcon.colcon_installed_package_information.package_discovery:Found 415 installed packages in /opt/ros/jazzy
[0.470s] Level 1:colcon.colcon_core.package_discovery:discover_packages(prefix_path) using defaults
[0.595s] Level 5:colcon.colcon_core.verb:set package 'car_nav2' build argument 'cmake_args' from command line to 'None'
[0.596s] Level 5:colcon.colcon_core.verb:set package 'car_nav2' build argument 'cmake_target' from command line to 'None'
[0.596s] Level 5:colcon.colcon_core.verb:set package 'car_nav2' build argument 'cmake_target_skip_unavailable' from command line to 'False'
[0.596s] Level 5:colcon.colcon_core.verb:set package 'car_nav2' build argument 'cmake_clean_cache' from command line to 'False'
[0.596s] Level 5:colcon.colcon_core.verb:set package 'car_nav2' build argument 'cmake_clean_first' from command line to 'False'
[0.596s] Level 5:colcon.colcon_core.verb:set package 'car_nav2' build argument 'cmake_force_configure' from command line to 'False'
[0.596s] Level 5:colcon.colcon_core.verb:set package 'car_nav2' build argument 'ament_cmake_args' from command line to 'None'
[0.596s] Level 5:colcon.colcon_core.verb:set package 'car_nav2' build argument 'catkin_cmake_args' from command line to 'None'
[0.596s] Level 5:colcon.colcon_core.verb:set package 'car_nav2' build argument 'catkin_skip_building_tests' from command line to 'False'
[0.596s] DEBUG:colcon.colcon_core.verb:Building package 'car_nav2' with the following arguments: {'ament_cmake_args': None, 'build_base': '/home/qu/car_nav2/build/car_nav2', 'catkin_cmake_args': None, 'catkin_skip_building_tests': False, 'cmake_args': None, 'cmake_clean_cache': False, 'cmake_clean_first': False, 'cmake_force_configure': False, 'cmake_target': None, 'cmake_target_skip_unavailable': False, 'install_base': '/home/qu/car_nav2/install/car_nav2', 'merge_install': False, 'path': '/home/qu/car_nav2/src', 'symlink_install': False, 'test_result_base': None}
[0.597s] Level 5:colcon.colcon_core.verb:set package 'mogi_trajectory_server' build argument 'cmake_args' from command line to 'None'
[0.597s] Level 5:colcon.colcon_core.verb:set package 'mogi_trajectory_server' build argument 'cmake_target' from command line to 'None'
[0.597s] Level 5:colcon.colcon_core.verb:set package 'mogi_trajectory_server' build argument 'cmake_target_skip_unavailable' from command line to 'False'
[0.597s] Level 5:colcon.colcon_core.verb:set package 'mogi_trajectory_server' build argument 'cmake_clean_cache' from command line to 'False'
[0.597s] Level 5:colcon.colcon_core.verb:set package 'mogi_trajectory_server' build argument 'cmake_clean_first' from command line to 'False'
[0.597s] Level 5:colcon.colcon_core.verb:set package 'mogi_trajectory_server' build argument 'cmake_force_configure' from command line to 'False'
[0.597s] Level 5:colcon.colcon_core.verb:set package 'mogi_trajectory_server' build argument 'ament_cmake_args' from command line to 'None'
[0.597s] Level 5:colcon.colcon_core.verb:set package 'mogi_trajectory_server' build argument 'catkin_cmake_args' from command line to 'None'
[0.597s] Level 5:colcon.colcon_core.verb:set package 'mogi_trajectory_server' build argument 'catkin_skip_building_tests' from command line to 'False'
[0.597s] DEBUG:colcon.colcon_core.verb:Building package 'mogi_trajectory_server' with the following arguments: {'ament_cmake_args': None, 'build_base': '/home/qu/car_nav2/build/mogi_trajectory_server', 'catkin_cmake_args': None, 'catkin_skip_building_tests': False, 'cmake_args': None, 'cmake_clean_cache': False, 'cmake_clean_first': False, 'cmake_force_configure': False, 'cmake_target': None, 'cmake_target_skip_unavailable': False, 'install_base': '/home/qu/car_nav2/install/mogi_trajectory_server', 'merge_install': False, 'path': '/home/qu/car_nav2/mogi_trajectory_server', 'symlink_install': False, 'test_result_base': None}
[0.597s] INFO:colcon.colcon_core.executor:Executing jobs using 'parallel' executor
[0.599s] DEBUG:colcon.colcon_parallel_executor.executor.parallel:run_until_complete
[0.600s] INFO:colcon.colcon_ros.task.ament_cmake.build:Building ROS package in '/home/qu/car_nav2/src' with build type 'ament_cmake'
[0.600s] INFO:colcon.colcon_cmake.task.cmake.build:Building CMake package in '/home/qu/car_nav2/src'
[0.604s] INFO:colcon.colcon_core.plugin_system:Skipping extension 'colcon_core.shell.bat': Not used on non-Windows systems
[0.605s] INFO:colcon.colcon_core.shell:Skip shell extension 'powershell' for command environment: Not usable outside of PowerShell
[0.605s] DEBUG:colcon.colcon_core.shell:Skip shell extension 'dsv' for command environment
[0.612s] INFO:colcon.colcon_ros.task.ament_python.build:Building ROS package in '/home/qu/car_nav2/mogi_trajectory_server' with build type 'ament_python'
[0.613s] Level 1:colcon.colcon_core.shell:create_environment_hook('mogi_trajectory_server', 'ament_prefix_path')
[0.613s] INFO:colcon.colcon_core.shell:Creating environment hook '/home/qu/car_nav2/install/mogi_trajectory_server/share/mogi_trajectory_server/hook/ament_prefix_path.ps1'
[0.613s] INFO:colcon.colcon_core.shell:Creating environment descriptor '/home/qu/car_nav2/install/mogi_trajectory_server/share/mogi_trajectory_server/hook/ament_prefix_path.dsv'
[0.614s] INFO:colcon.colcon_core.shell:Creating environment hook '/home/qu/car_nav2/install/mogi_trajectory_server/share/mogi_trajectory_server/hook/ament_prefix_path.sh'
[0.614s] INFO:colcon.colcon_core.shell:Skip shell extension 'powershell' for command environment: Not usable outside of PowerShell
[0.614s] DEBUG:colcon.colcon_core.shell:Skip shell extension 'dsv' for command environment
[0.632s] DEBUG:colcon.colcon_core.event_handler.log_command:Invoking command in '/home/qu/car_nav2/build/car_nav2': CMAKE_PREFIX_PATH=${CMAKE_PREFIX_PATH}:/opt/ros/jazzy DEBUGINFOD_URLS=https://debuginfod.ubuntu.com /usr/bin/cmake --build /home/qu/car_nav2/build/car_nav2 -- -j12 -l12
[1.203s] INFO:colcon.colcon_core.task.python.build:Building Python package in '/home/qu/car_nav2/mogi_trajectory_server'
[1.204s] INFO:colcon.colcon_core.shell:Skip shell extension 'powershell' for command environment: Not usable outside of PowerShell
[1.204s] DEBUG:colcon.colcon_core.shell:Skip shell extension 'dsv' for command environment
[1.215s] DEBUG:colcon.colcon_core.event_handler.log_command:Invoked command in '/home/qu/car_nav2/build/car_nav2' returned '0': CMAKE_PREFIX_PATH=${CMAKE_PREFIX_PATH}:/opt/ros/jazzy DEBUGINFOD_URLS=https://debuginfod.ubuntu.com /usr/bin/cmake --build /home/qu/car_nav2/build/car_nav2 -- -j12 -l12
[1.240s] DEBUG:colcon.colcon_core.event_handler.log_command:Invoking command in '/home/qu/car_nav2/build/car_nav2': CMAKE_PREFIX_PATH=${CMAKE_PREFIX_PATH}:/opt/ros/jazzy DEBUGINFOD_URLS=https://debuginfod.ubuntu.com /usr/bin/cmake --install /home/qu/car_nav2/build/car_nav2
[1.262s] Level 1:colcon.colcon_core.environment:create_environment_scripts_only(car_nav2)
[1.267s] DEBUG:colcon.colcon_core.event_handler.log_command:Invoked command in '/home/qu/car_nav2/build/car_nav2' returned '0': CMAKE_PREFIX_PATH=${CMAKE_PREFIX_PATH}:/opt/ros/jazzy DEBUGINFOD_URLS=https://debuginfod.ubuntu.com /usr/bin/cmake --install /home/qu/car_nav2/build/car_nav2
[1.271s] Level 1:colcon.colcon_core.environment:checking '/home/qu/car_nav2/install/car_nav2' for CMake module files
[1.272s] Level 1:colcon.colcon_core.environment:checking '/home/qu/car_nav2/install/car_nav2' for CMake config files
[1.272s] Level 1:colcon.colcon_core.shell:create_environment_hook('car_nav2', 'cmake_prefix_path')
[1.272s] INFO:colcon.colcon_core.shell:Creating environment hook '/home/qu/car_nav2/install/car_nav2/share/car_nav2/hook/cmake_prefix_path.ps1'
[1.274s] INFO:colcon.colcon_core.shell:Creating environment descriptor '/home/qu/car_nav2/install/car_nav2/share/car_nav2/hook/cmake_prefix_path.dsv'
[1.274s] INFO:colcon.colcon_core.shell:Creating environment hook '/home/qu/car_nav2/install/car_nav2/share/car_nav2/hook/cmake_prefix_path.sh'
[1.276s] Level 1:colcon.colcon_core.environment:checking '/home/qu/car_nav2/install/car_nav2/bin'
[1.276s] Level 1:colcon.colcon_core.environment:checking '/home/qu/car_nav2/install/car_nav2/lib/pkgconfig/car_nav2.pc'
[1.276s] Level 1:colcon.colcon_core.environment:checking '/home/qu/car_nav2/install/car_nav2/lib/python3.12/site-packages'
[1.277s] Level 1:colcon.colcon_core.environment:checking '/home/qu/car_nav2/install/car_nav2/bin'
[1.277s] INFO:colcon.colcon_core.shell:Creating package script '/home/qu/car_nav2/install/car_nav2/share/car_nav2/package.ps1'
[1.279s] INFO:colcon.colcon_core.shell:Creating package descriptor '/home/qu/car_nav2/install/car_nav2/share/car_nav2/package.dsv'
[1.280s] INFO:colcon.colcon_core.shell:Creating package script '/home/qu/car_nav2/install/car_nav2/share/car_nav2/package.sh'
[1.282s] INFO:colcon.colcon_core.shell:Creating package script '/home/qu/car_nav2/install/car_nav2/share/car_nav2/package.bash'
[1.283s] INFO:colcon.colcon_core.shell:Creating package script '/home/qu/car_nav2/install/car_nav2/share/car_nav2/package.zsh'
[1.285s] Level 1:colcon.colcon_core.environment:create_file_with_runtime_dependencies(/home/qu/car_nav2/install/car_nav2/share/colcon-core/packages/car_nav2)
[1.286s] Level 1:colcon.colcon_core.environment:create_environment_scripts_only(car_nav2)
[1.287s] Level 1:colcon.colcon_core.environment:checking '/home/qu/car_nav2/install/car_nav2' for CMake module files
[1.288s] Level 1:colcon.colcon_core.environment:checking '/home/qu/car_nav2/install/car_nav2' for CMake config files
[1.288s] Level 1:colcon.colcon_core.shell:create_environment_hook('car_nav2', 'cmake_prefix_path')
[1.289s] INFO:colcon.colcon_core.shell:Creating environment hook '/home/qu/car_nav2/install/car_nav2/share/car_nav2/hook/cmake_prefix_path.ps1'
[1.290s] INFO:colcon.colcon_core.shell:Creating environment descriptor '/home/qu/car_nav2/install/car_nav2/share/car_nav2/hook/cmake_prefix_path.dsv'
[1.291s] INFO:colcon.colcon_core.shell:Creating environment hook '/home/qu/car_nav2/install/car_nav2/share/car_nav2/hook/cmake_prefix_path.sh'
[1.292s] Level 1:colcon.colcon_core.environment:checking '/home/qu/car_nav2/install/car_nav2/bin'
[1.293s] Level 1:colcon.colcon_core.environment:checking '/home/qu/car_nav2/install/car_nav2/lib/pkgconfig/car_nav2.pc'
[1.293s] Level 1:colcon.colcon_core.environment:checking '/home/qu/car_nav2/install/car_nav2/lib/python3.12/site-packages'
[1.294s] Level 1:colcon.colcon_core.environment:checking '/home/qu/car_nav2/install/car_nav2/bin'
[1.294s] INFO:colcon.colcon_core.shell:Creating package script '/home/qu/car_nav2/install/car_nav2/share/car_nav2/package.ps1'
[1.296s] INFO:colcon.colcon_core.shell:Creating package descriptor '/home/qu/car_nav2/install/car_nav2/share/car_nav2/package.dsv'
[1.297s] INFO:colcon.colcon_core.shell:Creating package script '/home/qu/car_nav2/install/car_nav2/share/car_nav2/package.sh'
[1.298s] INFO:colcon.colcon_core.shell:Creating package script '/home/qu/car_nav2/install/car_nav2/share/car_nav2/package.bash'
[1.299s] INFO:colcon.colcon_core.shell:Creating package script '/home/qu/car_nav2/install/car_nav2/share/car_nav2/package.zsh'
[1.300s] Level 1:colcon.colcon_core.environment:create_file_with_runtime_dependencies(/home/qu/car_nav2/install/car_nav2/share/colcon-core/packages/car_nav2)
[2.710s] DEBUG:colcon.colcon_core.event_handler.log_command:Invoking command in '/home/qu/car_nav2/mogi_trajectory_server': DEBUGINFOD_URLS=https://debuginfod.ubuntu.com PYTHONPATH=/home/qu/car_nav2/build/mogi_trajectory_server/prefix_override:/usr/lib/python3/dist-packages/colcon_core/task/python/colcon_distutils_commands:/home/qu/car_nav2/install/mogi_trajectory_server/lib/python3.12/site-packages:${PYTHONPATH} /usr/bin/python3 -W ignore:setup.py install is deprecated -W ignore:easy_install command is deprecated setup.py egg_info --egg-base ../build/mogi_trajectory_server build --build-base /home/qu/car_nav2/build/mogi_trajectory_server/build install --record /home/qu/car_nav2/build/mogi_trajectory_server/install.log --single-version-externally-managed install_data
[4.010s] Level 1:colcon.colcon_core.environment:checking '/home/qu/car_nav2/install/mogi_trajectory_server' for CMake module files
[4.012s] DEBUG:colcon.colcon_core.event_handler.log_command:Invoked command in '/home/qu/car_nav2/mogi_trajectory_server' returned '0': DEBUGINFOD_URLS=https://debuginfod.ubuntu.com PYTHONPATH=/home/qu/car_nav2/build/mogi_trajectory_server/prefix_override:/usr/lib/python3/dist-packages/colcon_core/task/python/colcon_distutils_commands:/home/qu/car_nav2/install/mogi_trajectory_server/lib/python3.12/site-packages:${PYTHONPATH} /usr/bin/python3 -W ignore:setup.py install is deprecated -W ignore:easy_install command is deprecated setup.py egg_info --egg-base ../build/mogi_trajectory_server build --build-base /home/qu/car_nav2/build/mogi_trajectory_server/build install --record /home/qu/car_nav2/build/mogi_trajectory_server/install.log --single-version-externally-managed install_data
[4.012s] Level 1:colcon.colcon_core.environment:checking '/home/qu/car_nav2/install/mogi_trajectory_server' for CMake config files
[4.014s] Level 1:colcon.colcon_core.environment:checking '/home/qu/car_nav2/install/mogi_trajectory_server/lib'
[4.014s] Level 1:colcon.colcon_core.environment:checking '/home/qu/car_nav2/install/mogi_trajectory_server/bin'
[4.014s] Level 1:colcon.colcon_core.environment:checking '/home/qu/car_nav2/install/mogi_trajectory_server/lib/pkgconfig/mogi_trajectory_server.pc'
[4.015s] Level 1:colcon.colcon_core.environment:checking '/home/qu/car_nav2/install/mogi_trajectory_server/lib/python3.12/site-packages'
[4.015s] Level 1:colcon.colcon_core.shell:create_environment_hook('mogi_trajectory_server', 'pythonpath')
[4.016s] INFO:colcon.colcon_core.shell:Creating environment hook '/home/qu/car_nav2/install/mogi_trajectory_server/share/mogi_trajectory_server/hook/pythonpath.ps1'
[4.017s] INFO:colcon.colcon_core.shell:Creating environment descriptor '/home/qu/car_nav2/install/mogi_trajectory_server/share/mogi_trajectory_server/hook/pythonpath.dsv'
[4.018s] INFO:colcon.colcon_core.shell:Creating environment hook '/home/qu/car_nav2/install/mogi_trajectory_server/share/mogi_trajectory_server/hook/pythonpath.sh'
[4.019s] Level 1:colcon.colcon_core.environment:checking '/home/qu/car_nav2/install/mogi_trajectory_server/bin'
[4.020s] Level 1:colcon.colcon_core.environment:create_environment_scripts_only(mogi_trajectory_server)
[4.020s] INFO:colcon.colcon_core.shell:Creating package script '/home/qu/car_nav2/install/mogi_trajectory_server/share/mogi_trajectory_server/package.ps1'
[4.021s] INFO:colcon.colcon_core.shell:Creating package descriptor '/home/qu/car_nav2/install/mogi_trajectory_server/share/mogi_trajectory_server/package.dsv'
[4.023s] INFO:colcon.colcon_core.shell:Creating package script '/home/qu/car_nav2/install/mogi_trajectory_server/share/mogi_trajectory_server/package.sh'
[4.024s] INFO:colcon.colcon_core.shell:Creating package script '/home/qu/car_nav2/install/mogi_trajectory_server/share/mogi_trajectory_server/package.bash'
[4.025s] INFO:colcon.colcon_core.shell:Creating package script '/home/qu/car_nav2/install/mogi_trajectory_server/share/mogi_trajectory_server/package.zsh'
[4.026s] Level 1:colcon.colcon_core.environment:create_file_with_runtime_dependencies(/home/qu/car_nav2/install/mogi_trajectory_server/share/colcon-core/packages/mogi_trajectory_server)
[4.026s] DEBUG:colcon.colcon_parallel_executor.executor.parallel:closing loop
[4.027s] DEBUG:colcon.colcon_parallel_executor.executor.parallel:loop closed
[4.028s] DEBUG:colcon.colcon_parallel_executor.executor.parallel:run_until_complete finished with '0'
[4.028s] DEBUG:colcon.colcon_core.event_reactor:joining thread
[4.041s] INFO:colcon.colcon_core.plugin_system:Skipping extension 'colcon_notification.desktop_notification.terminal_notifier': Not used on non-Darwin systems
[4.041s] INFO:colcon.colcon_core.plugin_system:Skipping extension 'colcon_notification.desktop_notification.win32': Not used on non-Windows systems
[4.042s] INFO:colcon.colcon_notification.desktop_notification:Sending desktop notification using 'notify2'
[4.083s] DEBUG:colcon.colcon_core.event_reactor:joined thread
[4.084s] INFO:colcon.colcon_core.shell:Creating prefix script '/home/qu/car_nav2/install/local_setup.ps1'
[4.085s] INFO:colcon.colcon_core.shell:Creating prefix util module '/home/qu/car_nav2/install/_local_setup_util_ps1.py'
[4.087s] INFO:colcon.colcon_core.shell:Creating prefix chain script '/home/qu/car_nav2/install/setup.ps1'
[4.089s] INFO:colcon.colcon_core.shell:Creating prefix script '/home/qu/car_nav2/install/local_setup.sh'
[4.090s] INFO:colcon.colcon_core.shell:Creating prefix util module '/home/qu/car_nav2/install/_local_setup_util_sh.py'
[4.091s] INFO:colcon.colcon_core.shell:Creating prefix chain script '/home/qu/car_nav2/install/setup.sh'
[4.093s] INFO:colcon.colcon_core.shell:Creating prefix script '/home/qu/car_nav2/install/local_setup.bash'
[4.094s] INFO:colcon.colcon_core.shell:Creating prefix chain script '/home/qu/car_nav2/install/setup.bash'
[4.096s] INFO:colcon.colcon_core.shell:Creating prefix script '/home/qu/car_nav2/install/local_setup.zsh'
[4.097s] INFO:colcon.colcon_core.shell:Creating prefix chain script '/home/qu/car_nav2/install/setup.zsh'
